# JRE version: Java(TM) SE Runtime Environment (8.0_101-b13) (build 1.8.0_101-b13)
# Java VM: Java HotSpot(TM) 64-Bit Server VM (25.101-b13 mixed mode windows-amd64 compressed oops)
Heap:
 PSYoungGen      total 322048K, used 321824K [0x00000000eb700000, 0x0000000100000000, 0x0000000100000000)
  eden space 307200K, 100% used [0x00000000eb700000,0x00000000fe300000,0x00000000fe300000)
  from space 14848K, 98% used [0x00000000ff180000,0x00000000fffc8000,0x0000000100000000)
  to   space 14848K, 84% used [0x00000000fe300000,0x00000000fef38000,0x00000000ff180000)
 ParOldGen       total 42496K, used 30810K [0x00000000c2400000, 0x00000000c4d80000, 0x00000000eb700000)
  object space 42496K, 72% used [0x00000000c2400000,0x00000000c42169f0,0x00000000c4d80000)
 Metaspace       used 9272K, capacity 9442K, committed 9728K, reserved 1058816K
  class space    used 1089K, capacity 1157K, committed 1280K, reserved 1048576K
GC Heap History (10 events):
Event: 625.130 GC heap after
Heap after GC invocations=256 (full 0):
 PSYoungGen      total 322048K, used 14624K [0x00000000eb700000, 0x0000000100000000, 0x0000000100000000)
  eden space 307200K, 0% used [0x00000000eb700000,0x00000000eb700000,0x00000000fe300000)
  from space 14848K, 98% used [0x00000000ff180000,0x00000000fffc8000,0x0000000100000000)
  to   space 14848K, 0% used [0x00000000fe300000,0x00000000fe300000,0x00000000ff180000)
 ParOldGen       total 42496K, used 30770K [0x00000000c2400000, 0x00000000c4d80000, 0x00000000eb700000)
  object space 42496K, 72% used [0x00000000c2400000,0x00000000c420c9f0,0x00000000c4d80000)
 Metaspace       used 9264K, capacity 9442K, committed 9728K, reserved 1058816K
  class space    used 1089K, capacity 1157K, committed 1280K, reserved 1048576K
}
Event: 627.574 GC heap before
{Heap before GC invocations=257 (full 0):
 PSYoungGen      total 322048K, used 321824K [0x00000000eb700000, 0x0000000100000000, 0x0000000100000000)
  eden space 307200K, 100% used [0x00000000eb700000,0x00000000fe300000,0x00000000fe300000)
  from space 14848K, 98% used [0x00000000ff180000,0x00000000fffc8000,0x0000000100000000)
  to   space 14848K, 0% used [0x00000000fe300000,0x00000000fe300000,0x00000000ff180000)
 ParOldGen       total 42496K, used 30770K [0x00000000c2400000, 0x00000000c4d80000, 0x00000000eb700000)
  object space 42496K, 72% used [0x00000000c2400000,0x00000000c420c9f0,0x00000000c4d80000)
 Metaspace       used 9264K, capacity 9442K, committed 9728K, reserved 1058816K
  class space    used 1089K, capacity 1157K, committed 1280K, reserved 1048576K
Event: 627.678 GC heap after
Heap after GC invocations=257 (full 0):
 PSYoungGen      total 322048K, used 14624K [0x00000000eb700000, 0x0000000100000000, 0x0000000100000000)
  eden space 307200K, 0% used [0x00000000eb700000,0x00000000eb700000,0x00000000fe300000)
  from space 14848K, 98% used [0x00000000fe300000,0x00000000ff148000,0x00000000ff180000)
  to   space 14848K, 0% used [0x00000000ff180000,0x00000000ff180000,0x0000000100000000)
 ParOldGen       total 42496K, used 30778K [0x00000000c2400000, 0x00000000c4d80000, 0x00000000eb700000)
  object space 42496K, 72% used [0x00000000c2400000,0x00000000c420e9f0,0x00000000c4d80000)
 Metaspace       used 9264K, capacity 9442K, committed 9728K, reserved 1058816K
  class space    used 1089K, capacity 1157K, committed 1280K, reserved 1048576K
}
Event: 630.093 GC heap before
{Heap before GC invocations=258 (full 0):
 PSYoungGen      total 322048K, used 321824K [0x00000000eb700000, 0x0000000100000000, 0x0000000100000000)
  eden space 307200K, 100% used [0x00000000eb700000,0x00000000fe300000,0x00000000fe300000)
  from space 14848K, 98% used [0x00000000fe300000,0x00000000ff148000,0x00000000ff180000)
  to   space 14848K, 0% used [0x00000000ff180000,0x00000000ff180000,0x0000000100000000)
 ParOldGen       total 42496K, used 30778K [0x00000000c2400000, 0x00000000c4d80000, 0x00000000eb700000)
  object space 42496K, 72% used [0x00000000c2400000,0x00000000c420e9f0,0x00000000c4d80000)
 Metaspace       used 9272K, capacity 9442K, committed 9728K, reserved 1058816K
  class space    used 1089K, capacity 1157K, committed 1280K, reserved 1048576K
Event: 630.197 GC heap after
Heap after GC invocations=258 (full 0):
 PSYoungGen      total 322048K, used 14624K [0x00000000eb700000, 0x0000000100000000, 0x0000000100000000)
  eden space 307200K, 0% used [0x00000000eb700000,0x00000000eb700000,0x00000000fe300000)
  from space 14848K, 98% used [0x00000000ff180000,0x00000000fffc8000,0x0000000100000000)
  to   space 14848K, 0% used [0x00000000fe300000,0x00000000fe300000,0x00000000ff180000)
 ParOldGen       total 42496K, used 30778K [0x00000000c2400000, 0x00000000c4d80000, 0x00000000eb700000)
  object space 42496K, 72% used [0x00000000c2400000,0x00000000c420e9f0,0x00000000c4d80000)
 Metaspace       used 9272K, capacity 9442K, committed 9728K, reserved 1058816K
  class space    used 1089K, capacity 1157K, committed 1280K, reserved 1048576K
}
Event: 632.638 GC heap before
{Heap before GC invocations=259 (full 0):
 PSYoungGen      total 322048K, used 321824K [0x00000000eb700000, 0x0000000100000000, 0x0000000100000000)
  eden space 307200K, 100% used [0x00000000eb700000,0x00000000fe300000,0x00000000fe300000)
  from space 14848K, 98% used [0x00000000ff180000,0x00000000fffc8000,0x0000000100000000)
  to   space 14848K, 0% used [0x00000000fe300000,0x00000000fe300000,0x00000000ff180000)
 ParOldGen       total 42496K, used 30778K [0x00000000c2400000, 0x00000000c4d80000, 0x00000000eb700000)
  object space 42496K, 72% used [0x00000000c2400000,0x00000000c420e9f0,0x00000000c4d80000)
 Metaspace       used 9272K, capacity 9442K, committed 9728K, reserved 1058816K
  class space    used 1089K, capacity 1157K, committed 1280K, reserved 1048576K
Event: 632.741 GC heap after
Heap after GC invocations=259 (full 0):
 PSYoungGen      total 322048K, used 14592K [0x00000000eb700000, 0x0000000100000000, 0x0000000100000000)
  eden space 307200K, 0% used [0x00000000eb700000,0x00000000eb700000,0x00000000fe300000)
  from space 14848K, 98% used [0x00000000fe300000,0x00000000ff140000,0x00000000ff180000)
  to   space 14848K, 0% used [0x00000000ff180000,0x00000000ff180000,0x0000000100000000)
 ParOldGen       total 42496K, used 30786K [0x00000000c2400000, 0x00000000c4d80000, 0x00000000eb700000)
  object space 42496K, 72% used [0x00000000c2400000,0x00000000c42109f0,0x00000000c4d80000)
 Metaspace       used 9272K, capacity 9442K, committed 9728K, reserved 1058816K
  class space    used 1089K, capacity 1157K, committed 1280K, reserved 1048576K
}
Event: 635.179 GC heap before
{Heap before GC invocations=260 (full 0):
 PSYoungGen      total 322048K, used 321792K [0x00000000eb700000, 0x0000000100000000, 0x0000000100000000)
  eden space 307200K, 100% used [0x00000000eb700000,0x00000000fe300000,0x00000000fe300000)
  from space 14848K, 98% used [0x00000000fe300000,0x00000000ff140000,0x00000000ff180000)
  to   space 14848K, 0% used [0x00000000ff180000,0x00000000ff180000,0x0000000100000000)
 ParOldGen       total 42496K, used 30786K [0x00000000c2400000, 0x00000000c4d80000, 0x00000000eb700000)
  object space 42496K, 72% used [0x00000000c2400000,0x00000000c42109f0,0x00000000c4d80000)
 Metaspace       used 9272K, capacity 9442K, committed 9728K, reserved 1058816K
  class space    used 1089K, capacity 1157K, committed 1280K, reserved 1048576K
Event: 635.281 GC heap after
Heap after GC invocations=260 (full 0):
 PSYoungGen      total 322048K, used 14624K [0x00000000eb700000, 0x0000000100000000, 0x0000000100000000)
  eden space 307200K, 0% used [0x00000000eb700000,0x00000000eb700000,0x00000000fe300000)
  from space 14848K, 98% used [0x00000000ff180000,0x00000000fffc8000,0x0000000100000000)
  to   space 14848K, 0% used [0x00000000fe300000,0x00000000fe300000,0x00000000ff180000)
 ParOldGen       total 42496K, used 30794K [0x00000000c2400000, 0x00000000c4d80000, 0x00000000eb700000)
  object space 42496K, 72% used [0x00000000c2400000,0x00000000c42129f0,0x00000000c4d80000)
 Metaspace       used 9272K, capacity 9442K, committed 9728K, reserved 1058816K
  class space    used 1089K, capacity 1157K, committed 1280K, reserved 1048576K
}
Event: 637.719 GC heap before
{Heap before GC invocations=261 (full 0):
 PSYoungGen      total 322048K, used 321824K [0x00000000eb700000, 0x0000000100000000, 0x0000000100000000)
  eden space 307200K, 100% used [0x00000000eb700000,0x00000000fe300000,0x00000000fe300000)
  from space 14848K, 98% used [0x00000000ff180000,0x00000000fffc8000,0x0000000100000000)
  to   space 14848K, 0% used [0x00000000fe300000,0x00000000fe300000,0x00000000ff180000)
 ParOldGen       total 42496K, used 30794K [0x00000000c2400000, 0x00000000c4d80000, 0x00000000eb700000)
  object space 42496K, 72% used [0x00000000c2400000,0x00000000c42129f0,0x00000000c4d80000)
 Metaspace       used 9272K, capacity 9442K, committed 9728K, reserved 1058816K
  class space    used 1089K, capacity 1157K, committed 1280K, reserved 1048576K

